<?xml version="1.0" encoding="UTF-8"?>
<testng-results ignored="0" total="5" passed="4" failed="1" skipped="0">
  <reporter-output>
  </reporter-output>
  <suite started-at="2023-05-31T06:24:29Z" name="Data Driven Basics" finished-at="2023-05-31T06:28:36Z" duration-ms="247105">
    <groups>
    </groups>
    <test started-at="2023-05-31T06:24:29Z" name="Minnwest transferLoginpage" finished-at="2023-05-31T06:28:36Z" duration-ms="247105">
      <class name="com.minnwest.testcases.Minnwest_Login">
        <test-method is-config="true" signature="setUp()[pri:0, instance:com.minnwest.testcases.Minnwest_Login@7c1812b3]" started-at="2023-05-31T11:54:25Z" name="setUp" finished-at="2023-05-31T11:54:29Z" duration-ms="3601" status="PASS">
          <reporter-output>
          </reporter-output>
        </test-method> <!-- setUp -->
        <test-method signature="minnwest_Login(java.util.Hashtable)[pri:0, instance:com.minnwest.testcases.Minnwest_Login@7c1812b3]" started-at="2023-05-31T11:54:29Z" name="minnwest_Login" data-provider="dp" finished-at="2023-05-31T11:55:27Z" duration-ms="58711" status="PASS">
          <params>
            <param index="0">
              <value>
                <![CDATA[{password=Rayudu@123#, Runmode=Y, username=srinivasarayudu}]]>
              </value>
            </param>
          </params>
          <reporter-output>
          </reporter-output>
        </test-method> <!-- minnwest_Login -->
        <test-method signature="minnwest_Login(java.util.Hashtable)[pri:0, instance:com.minnwest.testcases.Minnwest_Login@7c1812b3]" started-at="2023-05-31T11:55:27Z" name="minnwest_Login" data-provider="dp" finished-at="2023-05-31T11:56:22Z" duration-ms="54386" status="PASS">
          <params>
            <param index="0">
              <value>
                <![CDATA[{password=Aswiniroy@7, Runmode=Y, username=Aswiniroy@7}]]>
              </value>
            </param>
          </params>
          <reporter-output>
          </reporter-output>
        </test-method> <!-- minnwest_Login -->
        <test-method signature="minnwest_Login(java.util.Hashtable)[pri:0, instance:com.minnwest.testcases.Minnwest_Login@7c1812b3]" started-at="2023-05-31T11:56:22Z" name="minnwest_Login" data-provider="dp" finished-at="2023-05-31T11:57:16Z" duration-ms="54553" status="PASS">
          <params>
            <param index="0">
              <value>
                <![CDATA[{password=Minnwest@143, Runmode=Y, username=saikirana}]]>
              </value>
            </param>
          </params>
          <reporter-output>
          </reporter-output>
        </test-method> <!-- minnwest_Login -->
        <test-method signature="minnwest_Login(java.util.Hashtable)[pri:0, instance:com.minnwest.testcases.Minnwest_Login@7c1812b3]" started-at="2023-05-31T11:57:16Z" name="minnwest_Login" data-provider="dp" finished-at="2023-05-31T11:58:11Z" duration-ms="54571" status="PASS">
          <params>
            <param index="0">
              <value>
                <![CDATA[{password=Vamsy@524, Runmode=Y, username=vamsyaddala}]]>
              </value>
            </param>
          </params>
          <reporter-output>
          </reporter-output>
        </test-method> <!-- minnwest_Login -->
        <test-method signature="minnwest_Login(java.util.Hashtable)[pri:0, instance:com.minnwest.testcases.Minnwest_Login@7c1812b3]" started-at="2023-05-31T11:58:11Z" name="minnwest_Login" data-provider="dp" finished-at="2023-05-31T11:58:36Z" duration-ms="24597" status="FAIL">
          <params>
            <param index="0">
              <value>
                <![CDATA[{password=Sree@56789, Runmode=Y, username=cheryshmasree}]]>
              </value>
            </param>
          </params>
          <exception class="org.openqa.selenium.NoSuchElementException">
            <message>
              <![CDATA[no such element: Unable to locate element: {"method":"xpath","selector":"//label[@kwp='frmDashboard_customheader2_headermenu_btnLogout']"}
  (Session info: chrome=104.0.5112.102)
  (Driver info: chromedriver=104.0.5112.79 (3cf3e8c8a07d104b9e1260c910efb8f383285dc5-refs/branch-heads/5112@{#1307}),platform=Windows NT 10.0.19045 x86_64) (WARNING: The server did not provide any stacktrace information)
Command duration or timeout: 10.02 seconds
For documentation on this error, please visit: http://seleniumhq.org/exceptions/no_such_element.html
Build info: version: '2.53.1', revision: 'a36b8b1cd5757287168e54b817830adce9b0158d', time: '2016-06-30 19:26:09'
System info: host: 'kairosHW0451', ip: '192.168.1.76', os.name: 'Windows 10', os.arch: 'amd64', os.version: '10.0', java.version: '17.0.6'
Driver info: org.openqa.selenium.chrome.ChromeDriver
Capabilities [{mobileEmulationEnabled=false, timeouts={implicit=0, pageLoad=300000, script=30000}, hasTouchScreen=false, platform=XP, acceptSslCerts=false, goog:chromeOptions={debuggerAddress=localhost:58146}, webauthn:extension:credBlob=true, acceptInsecureCerts=false, webStorageEnabled=true, browserName=chrome, takesScreenshot=true, javascriptEnabled=true, setWindowRect=true, webauthn:extension:largeBlob=true, unexpectedAlertBehaviour=ignore, rotatable=false, networkConnectionEnabled=false, chrome={chromedriverVersion=104.0.5112.79 (3cf3e8c8a07d104b9e1260c910efb8f383285dc5-refs/branch-heads/5112@{#1307}), userDataDir=C:\Users\USHAAT~1\AppData\Local\Temp\scoped_dir17828_913719094}, takesHeapSnapshot=true, pageLoadStrategy=normal, strictFileInteractability=false, databaseEnabled=false, handlesAlerts=true, version=104.0.5112.102, browserConnectionEnabled=false, proxy={}, nativeEvents=true, locationContextEnabled=true, cssSelectorsEnabled=true, webauthn:virtualAuthenticators=true}]
Session ID: 99936bc5aa2a30e482b7f43c1e411d1d
*** Element info: {Using=xpath, value=//label[@kwp='frmDashboard_customheader2_headermenu_btnLogout']}]]>
            </message>
            <full-stacktrace>
              <![CDATA[org.openqa.selenium.NoSuchElementException: no such element: Unable to locate element: {"method":"xpath","selector":"//label[@kwp='frmDashboard_customheader2_headermenu_btnLogout']"}
  (Session info: chrome=104.0.5112.102)
  (Driver info: chromedriver=104.0.5112.79 (3cf3e8c8a07d104b9e1260c910efb8f383285dc5-refs/branch-heads/5112@{#1307}),platform=Windows NT 10.0.19045 x86_64) (WARNING: The server did not provide any stacktrace information)
Command duration or timeout: 10.02 seconds
For documentation on this error, please visit: http://seleniumhq.org/exceptions/no_such_element.html
Build info: version: '2.53.1', revision: 'a36b8b1cd5757287168e54b817830adce9b0158d', time: '2016-06-30 19:26:09'
System info: host: 'kairosHW0451', ip: '192.168.1.76', os.name: 'Windows 10', os.arch: 'amd64', os.version: '10.0', java.version: '17.0.6'
Driver info: org.openqa.selenium.chrome.ChromeDriver
Capabilities [{mobileEmulationEnabled=false, timeouts={implicit=0, pageLoad=300000, script=30000}, hasTouchScreen=false, platform=XP, acceptSslCerts=false, goog:chromeOptions={debuggerAddress=localhost:58146}, webauthn:extension:credBlob=true, acceptInsecureCerts=false, webStorageEnabled=true, browserName=chrome, takesScreenshot=true, javascriptEnabled=true, setWindowRect=true, webauthn:extension:largeBlob=true, unexpectedAlertBehaviour=ignore, rotatable=false, networkConnectionEnabled=false, chrome={chromedriverVersion=104.0.5112.79 (3cf3e8c8a07d104b9e1260c910efb8f383285dc5-refs/branch-heads/5112@{#1307}), userDataDir=C:\Users\USHAAT~1\AppData\Local\Temp\scoped_dir17828_913719094}, takesHeapSnapshot=true, pageLoadStrategy=normal, strictFileInteractability=false, databaseEnabled=false, handlesAlerts=true, version=104.0.5112.102, browserConnectionEnabled=false, proxy={}, nativeEvents=true, locationContextEnabled=true, cssSelectorsEnabled=true, webauthn:virtualAuthenticators=true}]
Session ID: 99936bc5aa2a30e482b7f43c1e411d1d
*** Element info: {Using=xpath, value=//label[@kwp='frmDashboard_customheader2_headermenu_btnLogout']}
	at java.base/jdk.internal.reflect.NativeConstructorAccessorImpl.newInstance0(Native Method)
	at java.base/jdk.internal.reflect.NativeConstructorAccessorImpl.newInstance(NativeConstructorAccessorImpl.java:77)
	at java.base/jdk.internal.reflect.DelegatingConstructorAccessorImpl.newInstance(DelegatingConstructorAccessorImpl.java:45)
	at java.base/java.lang.reflect.Constructor.newInstanceWithCaller(Constructor.java:499)
	at java.base/java.lang.reflect.Constructor.newInstance(Constructor.java:480)
	at org.openqa.selenium.remote.ErrorHandler.createThrowable(ErrorHandler.java:206)
	at org.openqa.selenium.remote.ErrorHandler.throwIfResponseFailed(ErrorHandler.java:158)
	at org.openqa.selenium.remote.RemoteWebDriver.execute(RemoteWebDriver.java:678)
	at org.openqa.selenium.remote.RemoteWebDriver.findElement(RemoteWebDriver.java:363)
	at org.openqa.selenium.remote.RemoteWebDriver.findElementByXPath(RemoteWebDriver.java:500)
	at org.openqa.selenium.By$ByXPath.findElement(By.java:361)
	at org.openqa.selenium.remote.RemoteWebDriver.findElement(RemoteWebDriver.java:355)
	at com.minnwest.base.TestBase.click(TestBase.java:142)
	at com.minnwest.pages.LoginPage.clicksinout(LoginPage.java:30)
	at com.minnwest.testcases.Minnwest_Login.minnwest_Login(Minnwest_Login.java:28)
	at java.base/jdk.internal.reflect.NativeMethodAccessorImpl.invoke0(Native Method)
	at java.base/jdk.internal.reflect.NativeMethodAccessorImpl.invoke(NativeMethodAccessorImpl.java:77)
	at java.base/jdk.internal.reflect.DelegatingMethodAccessorImpl.invoke(DelegatingMethodAccessorImpl.java:43)
	at java.base/java.lang.reflect.Method.invoke(Method.java:568)
	at org.testng.internal.MethodInvocationHelper.invokeMethod(MethodInvocationHelper.java:108)
	at org.testng.internal.Invoker.invokeMethod(Invoker.java:661)
	at org.testng.internal.Invoker.invokeTestMethod(Invoker.java:869)
	at org.testng.internal.Invoker.invokeTestMethods(Invoker.java:1193)
	at org.testng.internal.TestMethodWorker.invokeTestMethods(TestMethodWorker.java:126)
	at org.testng.internal.TestMethodWorker.run(TestMethodWorker.java:109)
	at org.testng.TestRunner.privateRun(TestRunner.java:744)
	at org.testng.TestRunner.run(TestRunner.java:602)
	at org.testng.SuiteRunner.runTest(SuiteRunner.java:380)
	at org.testng.SuiteRunner.runSequentially(SuiteRunner.java:375)
	at org.testng.SuiteRunner.privateRun(SuiteRunner.java:340)
	at org.testng.SuiteRunner.run(SuiteRunner.java:289)
	at org.testng.SuiteRunnerWorker.runSuite(SuiteRunnerWorker.java:52)
	at org.testng.SuiteRunnerWorker.run(SuiteRunnerWorker.java:86)
	at org.testng.TestNG.runSuitesSequentially(TestNG.java:1301)
	at org.testng.TestNG.runSuitesLocally(TestNG.java:1226)
	at org.testng.TestNG.runSuites(TestNG.java:1144)
	at org.testng.TestNG.run(TestNG.java:1115)
	at org.testng.remote.AbstractRemoteTestNG.run(AbstractRemoteTestNG.java:115)
	at org.testng.remote.RemoteTestNG.initAndRun(RemoteTestNG.java:251)
	at org.testng.remote.RemoteTestNG.main(RemoteTestNG.java:77)
]]>
            </full-stacktrace>
          </exception> <!-- org.openqa.selenium.NoSuchElementException -->
          <reporter-output>
          </reporter-output>
        </test-method> <!-- minnwest_Login -->
        <test-method is-config="true" signature="tearDown()[pri:0, instance:com.minnwest.testcases.Minnwest_Login@7c1812b3]" started-at="2023-05-31T11:58:36Z" name="tearDown" finished-at="2023-05-31T11:58:36Z" duration-ms="34" status="PASS">
          <reporter-output>
          </reporter-output>
        </test-method> <!-- tearDown -->
      </class> <!-- com.minnwest.testcases.Minnwest_Login -->
    </test> <!-- Minnwest transferLoginpage -->
  </suite> <!-- Data Driven Basics -->
</testng-results>
